# JRE version: Java(TM) SE Runtime Environment (7.0_71-b14) (build 1.7.0_71-b14)
# Java VM: Java HotSpot(TM) Client VM (24.71-b01 mixed mode, sharing windows-x86 )
Heap
 def new generation   total 30528K, used 18142K [0x27200000, 0x29310000, 0x2c750000)
  eden space 27200K,  66% used [0x27200000, 0x283b7a48, 0x28c90000)
  from space 3328K,   0% used [0x28c90000, 0x28c90000, 0x28fd0000)
  to   space 3328K,   0% used [0x28fd0000, 0x28fd0000, 0x29310000)
 tenured generation   total 67608K, used 40564K [0x2c750000, 0x30956000, 0x37200000)
   the space 67608K,  59% used [0x2c750000, 0x2eeed000, 0x2eeed000, 0x30956000)
 compacting perm gen  total 12288K, used 1177K [0x37200000, 0x37e00000, 0x3b200000)
   the space 12288K,   9% used [0x37200000, 0x37326498, 0x37326600, 0x37e00000)
    ro space 10240K,  42% used [0x3b200000, 0x3b634e48, 0x3b635000, 0x3bc00000)
    rw space 12288K,  51% used [0x3bc00000, 0x3c23aac0, 0x3c23ac00, 0x3c800000)
GC Heap History (10 events):
Event: 0.392 GC heap before
{Heap before GC invocations=8 (full 2):
 def new generation   total 11328K, used 9202K [0x27200000, 0x27e40000, 0x2c750000)
  eden space 10112K,  91% used [0x27200000, 0x27afcbd8, 0x27be0000)
  from space 1216K,   0% used [0x27be0000, 0x27be0000, 0x27d10000)
  to   space 1216K,   0% used [0x27d10000, 0x27d10000, 0x27e40000)
 tenured generation   total 25064K, used 15037K [0x2c750000, 0x2dfca000, 0x37200000)
   the space 25064K,  59% used [0x2c750000, 0x2d5ff700, 0x2d5ff800, 0x2dfca000)
 compacting perm gen  total 12288K, used 491K [0x37200000, 0x37e00000, 0x3b200000)
   the space 12288K,   4% used [0x37200000, 0x3727af78, 0x3727b000, 0x37e00000)
    ro space 10240K,  42% used [0x3b200000, 0x3b634e48, 0x3b635000, 0x3bc00000)
    rw space 12288K,  51% used [0x3bc00000, 0x3c23aac0, 0x3c23ac00, 0x3c800000)
Event: 0.395 GC heap after
Heap after GC invocations=9 (full 2):
 def new generation   total 11328K, used 401K [0x27200000, 0x27e40000, 0x2c750000)
  eden space 10112K,   0% used [0x27200000, 0x27200000, 0x27be0000)
  from space 1216K,  32% used [0x27d10000, 0x27d74438, 0x27e40000)
  to   space 1216K,   0% used [0x27be0000, 0x27be0000, 0x27d10000)
 tenured generation   total 25064K, used 21272K [0x2c750000, 0x2dfca000, 0x37200000)
   the space 25064K,  84% used [0x2c750000, 0x2dc160b0, 0x2dc16200, 0x2dfca000)
 compacting perm gen  total 12288K, used 491K [0x37200000, 0x37e00000, 0x3b200000)
   the space 12288K,   4% used [0x37200000, 0x3727af78, 0x3727b000, 0x37e00000)
    ro space 10240K,  42% used [0x3b200000, 0x3b634e48, 0x3b635000, 0x3bc00000)
    rw space 12288K,  51% used [0x3bc00000, 0x3c23aac0, 0x3c23ac00, 0x3c800000)
}
Event: 0.455 GC heap before
{Heap before GC invocations=9 (full 2):
 def new generation   total 11328K, used 9610K [0x27200000, 0x27e40000, 0x2c750000)
  eden space 10112K,  91% used [0x27200000, 0x27afe3c8, 0x27be0000)
  from space 1216K,  32% used [0x27d10000, 0x27d74438, 0x27e40000)
  to   space 1216K,   0% used [0x27be0000, 0x27be0000, 0x27d10000)
 tenured generation   total 25064K, used 21272K [0x2c750000, 0x2dfca000, 0x37200000)
   the space 25064K,  84% used [0x2c750000, 0x2dc160b0, 0x2dc16200, 0x2dfca000)
 compacting perm gen  total 12288K, used 491K [0x37200000, 0x37e00000, 0x3b200000)
   the space 12288K,   4% used [0x37200000, 0x3727af78, 0x3727b000, 0x37e00000)
    ro space 10240K,  42% used [0x3b200000, 0x3b634e48, 0x3b635000, 0x3bc00000)
    rw space 12288K,  51% used [0x3bc00000, 0x3c23aac0, 0x3c23ac00, 0x3c800000)
Event: 0.465 GC heap after
Heap after GC invocations=10 (full 3):
 def new generation   total 17600K, used 0K [0x27200000, 0x28510000, 0x2c750000)
  eden space 15680K,   0% used [0x27200000, 0x27200000, 0x28150000)
  from space 1920K,   0% used [0x28150000, 0x28150000, 0x28330000)
  to   space 1920K,   0% used [0x28330000, 0x28330000, 0x28510000)
 tenured generation   total 38932K, used 23357K [0x2c750000, 0x2ed55000, 0x37200000)
   the space 38932K,  59% used [0x2c750000, 0x2de1f488, 0x2de1f600, 0x2ed55000)
 compacting perm gen  total 12288K, used 491K [0x37200000, 0x37e00000, 0x3b200000)
   the space 12288K,   4% used [0x37200000, 0x3727af78, 0x3727b000, 0x37e00000)
    ro space 10240K,  42% used [0x3b200000, 0x3b634e48, 0x3b635000, 0x3bc00000)
    rw space 12288K,  51% used [0x3bc00000, 0x3c23aac0, 0x3c23ac00, 0x3c800000)
}
Event: 0.580 GC heap before
{Heap before GC invocations=10 (full 3):
 def new generation   total 17600K, used 15494K [0x27200000, 0x28510000, 0x2c750000)
  eden space 15680K,  98% used [0x27200000, 0x28121bb0, 0x28150000)
  from space 1920K,   0% used [0x28150000, 0x28150000, 0x28330000)
  to   space 1920K,   0% used [0x28330000, 0x28330000, 0x28510000)
 tenured generation   total 38932K, used 23357K [0x2c750000, 0x2ed55000, 0x37200000)
   the space 38932K,  59% used [0x2c750000, 0x2de1f488, 0x2de1f600, 0x2ed55000)
 compacting perm gen  total 12288K, used 491K [0x37200000, 0x37e00000, 0x3b200000)
   the space 12288K,   4% used [0x37200000, 0x3727af78, 0x3727b000, 0x37e00000)
    ro space 10240K,  42% used [0x3b200000, 0x3b634e48, 0x3b635000, 0x3bc00000)
    rw space 12288K,  51% used [0x3bc00000, 0x3c23aac0, 0x3c23ac00, 0x3c800000)
Event: 0.583 GC heap after
Heap after GC invocations=11 (full 3):
 def new generation   total 17600K, used 1876K [0x27200000, 0x28510000, 0x2c750000)
  eden space 15680K,   0% used [0x27200000, 0x27200000, 0x28150000)
  from space 1920K,  97% used [0x28330000, 0x28505190, 0x28510000)
  to   space 1920K,   0% used [0x28150000, 0x28150000, 0x28330000)
 tenured generation   total 38932K, used 29591K [0x2c750000, 0x2ed55000, 0x37200000)
   the space 38932K,  76% used [0x2c750000, 0x2e435e38, 0x2e436000, 0x2ed55000)
 compacting perm gen  total 12288K, used 491K [0x37200000, 0x37e00000, 0x3b200000)
   the space 12288K,   4% used [0x37200000, 0x3727af78, 0x3727b000, 0x37e00000)
    ro space 10240K,  42% used [0x3b200000, 0x3b634e48, 0x3b635000, 0x3bc00000)
    rw space 12288K,  51% used [0x3bc00000, 0x3c23aac0, 0x3c23ac00, 0x3c800000)
}
Event: 1.205 GC heap before
{Heap before GC invocations=11 (full 3):
 def new generation   total 17600K, used 17556K [0x27200000, 0x28510000, 0x2c750000)
  eden space 15680K, 100% used [0x27200000, 0x28150000, 0x28150000)
  from space 1920K,  97% used [0x28330000, 0x28505190, 0x28510000)
  to   space 1920K,   0% used [0x28150000, 0x28150000, 0x28330000)
 tenured generation   total 38932K, used 29591K [0x2c750000, 0x2ed55000, 0x37200000)
   the space 38932K,  76% used [0x2c750000, 0x2e435e38, 0x2e436000, 0x2ed55000)
 compacting perm gen  total 12288K, used 810K [0x37200000, 0x37e00000, 0x3b200000)
   the space 12288K,   6% used [0x37200000, 0x372caa68, 0x372cac00, 0x37e00000)
    ro space 10240K,  42% used [0x3b200000, 0x3b634e48, 0x3b635000, 0x3bc00000)
    rw space 12288K,  51% used [0x3bc00000, 0x3c23aac0, 0x3c23ac00, 0x3c800000)
Event: 1.211 GC heap after
Heap after GC invocations=12 (full 3):
 def new generation   total 17600K, used 1920K [0x27200000, 0x28510000, 0x2c750000)
  eden space 15680K,   0% used [0x27200000, 0x27200000, 0x28150000)
  from space 1920K, 100% used [0x28150000, 0x28330000, 0x28330000)
  to   space 1920K,   0% used [0x28330000, 0x28330000, 0x28510000)
 tenured generation   total 38932K, used 36635K [0x2c750000, 0x2ed55000, 0x37200000)
   the space 38932K,  94% used [0x2c750000, 0x2eb16f50, 0x2eb17000, 0x2ed55000)
 compacting perm gen  total 12288K, used 810K [0x37200000, 0x37e00000, 0x3b200000)
   the space 12288K,   6% used [0x37200000, 0x372caa68, 0x372cac00, 0x37e00000)
    ro space 10240K,  42% used [0x3b200000, 0x3b634e48, 0x3b635000, 0x3bc00000)
    rw space 12288K,  51% used [0x3bc00000, 0x3c23aac0, 0x3c23ac00, 0x3c800000)
}
Event: 4.234 GC heap before
{Heap before GC invocations=12 (full 3):
 def new generation   total 17600K, used 16950K [0x27200000, 0x28510000, 0x2c750000)
  eden space 15680K,  95% used [0x27200000, 0x280ad960, 0x28150000)
  from space 1920K, 100% used [0x28150000, 0x28330000, 0x28330000)
  to   space 1920K,   0% used [0x28330000, 0x28330000, 0x28510000)
 tenured generation   total 38932K, used 36635K [0x2c750000, 0x2ed55000, 0x37200000)
   the space 38932K,  94% used [0x2c750000, 0x2eb16f50, 0x2eb17000, 0x2ed55000)
 compacting perm gen  total 12288K, used 912K [0x37200000, 0x37e00000, 0x3b200000)
   the space 12288K,   7% used [0x37200000, 0x372e4160, 0x372e4200, 0x37e00000)
    ro space 10240K,  42% used [0x3b200000, 0x3b634e48, 0x3b635000, 0x3bc00000)
    rw space 12288K,  51% used [0x3bc00000, 0x3c23aac0, 0x3c23ac00, 0x3c800000)
Event: 4.255 GC heap after
Heap after GC invocations=13 (full 4):
 def new generation   total 30528K, used 0K [0x27200000, 0x29310000, 0x2c750000)
  eden space 27200K,   0% used [0x27200000, 0x27200000, 0x28c90000)
  from space 3328K,   0% used [0x28c90000, 0x28c90000, 0x28fd0000)
  to   space 3328K,   0% used [0x28fd0000, 0x28fd0000, 0x29310000)
 tenured generation   total 67608K, used 40564K [0x2c750000, 0x30956000, 0x37200000)
   the space 67608K,  59% used [0x2c750000, 0x2eeed000, 0x2eeed000, 0x30956000)
 compacting perm gen  total 12288K, used 911K [0x37200000, 0x37e00000, 0x3b200000)
   the space 12288K,   7% used [0x37200000, 0x372e3dd8, 0x372e3e00, 0x37e00000)
    ro space 10240K,  42% used [0x3b200000, 0x3b634e48, 0x3b635000, 0x3bc00000)
    rw space 12288K,  51% used [0x3bc00000, 0x3c23aac0, 0x3c23ac00, 0x3c800000)
}

